# JRE version: OpenJDK Runtime Environment (17.0.15+6) (build 17.0.15+6-Ubuntu-0ubuntu124.04)
# Java VM: OpenJDK 64-Bit Server VM (17.0.15+6-Ubuntu-0ubuntu124.04, mixed mode, sharing, tiered, compressed oops, compressed class ptrs, g1 gc, linux-amd64)
Heap:
 garbage-first heap   total 49152K, used 11283K [0x000000074ac00000, 0x0000000800000000)
  region size 2048K, 3 young (6144K), 2 survivors (4096K)
 Metaspace       used 23291K, committed 23488K, reserved 1114112K
  class space    used 2501K, committed 2624K, reserved 1048576K
GC Heap History (6 events):
Event: 0,720 GC heap before
{Heap before GC invocations=0 (full 0):
 garbage-first heap   total 190464K, used 22452K [0x000000074ac00000, 0x0000000800000000)
  region size 2048K, 11 young (22528K), 0 survivors (0K)
 Metaspace       used 15803K, committed 16000K, reserved 1114112K
  class space    used 1801K, committed 1856K, reserved 1048576K
}
Event: 0,722 GC heap after
{Heap after GC invocations=1 (full 0):
 garbage-first heap   total 190464K, used 5837K [0x000000074ac00000, 0x0000000800000000)
  region size 2048K, 2 young (4096K), 2 survivors (4096K)
 Metaspace       used 15803K, committed 16000K, reserved 1114112K
  class space    used 1801K, committed 1856K, reserved 1048576K
}
Event: 2,661 GC heap before
{Heap before GC invocations=1 (full 0):
 garbage-first heap   total 190464K, used 20173K [0x000000074ac00000, 0x0000000800000000)
  region size 2048K, 10 young (20480K), 2 survivors (4096K)
 Metaspace       used 21304K, committed 21504K, reserved 1114112K
  class space    used 2428K, committed 2560K, reserved 1048576K
}
Event: 2,664 GC heap after
{Heap after GC invocations=2 (full 0):
 garbage-first heap   total 190464K, used 9204K [0x000000074ac00000, 0x0000000800000000)
  region size 2048K, 2 young (4096K), 2 survivors (4096K)
 Metaspace       used 21304K, committed 21504K, reserved 1114112K
  class space    used 2428K, committed 2560K, reserved 1048576K
}
Event: 231,290 GC heap before
{Heap before GC invocations=3 (full 0):
 garbage-first heap   total 49152K, used 31732K [0x000000074ac00000, 0x0000000800000000)
  region size 2048K, 14 young (28672K), 2 survivors (4096K)
 Metaspace       used 23211K, committed 23424K, reserved 1114112K
  class space    used 2494K, committed 2624K, reserved 1048576K
}
Event: 231,292 GC heap after
{Heap after GC invocations=4 (full 0):
 garbage-first heap   total 49152K, used 9991K [0x000000074ac00000, 0x0000000800000000)
  region size 2048K, 2 young (4096K), 2 survivors (4096K)
 Metaspace       used 23211K, committed 23424K, reserved 1114112K
  class space    used 2494K, committed 2624K, reserved 1048576K
}

